{
  "RSpec": {
    "coverage": {
      "/home/dnguyensr/code/SundryEGA/app/helpers/application_helper.rb": [
        1,
        null
      ],
      "/home/dnguyensr/code/SundryEGA/app/models/user.rb": [
        1,
        null,
        null,
        1,
        1,
        null,
        1,
        1,
        null,
        1,
        0,
        0,
        0,
        0,
        0,
        null,
        null,
        null
      ],
      "/home/dnguyensr/code/SundryEGA/app/models/application_record.rb": [
        1,
        1,
        null
      ],
      "/home/dnguyensr/code/SundryEGA/app/controllers/pages_controller.rb": [
        1,
        1,
        null,
        null,
        1,
        2,
        null,
        null,
        1,
        2,
        null,
        null
      ],
      "/home/dnguyensr/code/SundryEGA/app/controllers/application_controller.rb": [
        1,
        1,
        1,
        null,
        1,
        null,
        1,
        0,
        0,
        0,
        null,
        null
      ],
      "/home/dnguyensr/code/SundryEGA/app/controllers/photographers_controller.rb": [
        1,
        1,
        null,
        1,
        2,
        null,
        null,
        1,
        null,
        null,
        1,
        2,
        null,
        null,
        1,
        null,
        null,
        1,
        2,
        2,
        2,
        2,
        4,
        2,
        null,
        0,
        0,
        null,
        null,
        null,
        null,
        1,
        0,
        0,
        0,
        0,
        null,
        0,
        0,
        null,
        null,
        null,
        null,
        null,
        1,
        0,
        0,
        0,
        0,
        null,
        null,
        null,
        1,
        1,
        4,
        null,
        null,
        1,
        2,
        null,
        null
      ],
      "/home/dnguyensr/code/SundryEGA/app/controllers/streamers_controller.rb": [
        1,
        1,
        null,
        1,
        2,
        null,
        null,
        1,
        null,
        null,
        1,
        2,
        null,
        null,
        1,
        null,
        null,
        1,
        2,
        null,
        2,
        2,
        2,
        4,
        2,
        null,
        0,
        0,
        null,
        null,
        null,
        null,
        1,
        0,
        0,
        0,
        0,
        null,
        0,
        0,
        null,
        null,
        null,
        null,
        null,
        1,
        0,
        0,
        0,
        0,
        null,
        null,
        null,
        1,
        1,
        4,
        null,
        null,
        1,
        2,
        null,
        null
      ],
      "/home/dnguyensr/code/SundryEGA/app/models/photographer.rb": [
        1,
        1,
        1,
        null
      ],
      "/home/dnguyensr/code/SundryEGA/app/models/streamer.rb": [
        1,
        1,
        1,
        null
      ],
      "/home/dnguyensr/code/SundryEGA/app/mailers/application_mailer.rb": [
        0,
        0,
        0,
        0
      ],
      "/home/dnguyensr/code/SundryEGA/app/jobs/application_job.rb": [
        0,
        0
      ]
    },
    "timestamp": 1490247403
  }
}
